2026-06-19 17:04:05,841 [canton-env-ec-87] DEBUG c.d.c.n.g.ApiRequestLogger:participant=sandbox tid:6db8e41e5831f0131fc9945002034ada - Request c.d.l.a.v.a.PackageManagementService/UploadDarFile by /127.0.0.1:55470: received a message 
  Request tid:6db8e41e5831f0131fc9945002034ada
2026-06-19 17:04:05,842 [canton-env-ec-90] INFO  c.d.c.p.a.s.a.ApiPackageManagementService:participant=sandbox tid:6db8e41e5831f0131fc9945002034ada - Uploading DAR file, submissionId -> '039566ad-9610-4476-8ff3-8da2c5ad2f5d'.
2026-06-19 17:04:05,850 [canton-env-ec-87] DEBUG c.d.c.p.a.PackageUploader:participant=sandbox tid:6db8e41e5831f0131fc9945002034ada - Processing package upload of 31 packages
2026-06-19 17:04:05,991 [canton-env-ec-87] WARN  c.d.c.p.p.PackageUpgradeValidator:participant=sandbox tid:6db8e41e5831f0131fc9945002034ada - Upload of LF1.17 package cbb895ab62b2ce4dbf536c0290c52030888094a6d8fc3f3f02d62be20ca66f22 contains LF1.17 daml-script-lts (315936fff160fb10e7f9925fe928e87eeb59dd4809992e6e37a702ffcc7f19cd) as a dependency. Avoid uploading daml-script to the ledger when using Smart Contract Upgrades
2026-06-19 17:04:05,992 [canton-env-ec-87] WARN  c.d.c.p.p.PackageUpgradeValidator:participant=sandbox tid:6db8e41e5831f0131fc9945002034ada - Upload of LF1.17 package cbb895ab62b2ce4dbf536c0290c52030888094a6d8fc3f3f02d62be20ca66f22 contains LF1.17 daml-script-lts-stable (cd2f5e77e86a47648f94400430a4ae046166ce1ab045cbb85371a2c9c2688b15) as a dependency. Avoid uploading daml-script to the ledger when using Smart Contract Upgrades
2026-06-19 17:05:05,353 [canton-env-ec-81] DEBUG c.d.c.n.g.ApiRequestLogger:participant=sandbox tid:7935d4d3a05325980eea8bce29319fc5 - Request c.d.l.a.v.a.PackageManagementService/UploadDarFile by /127.0.0.1:55816: received a message 
  Request tid:7935d4d3a05325980eea8bce29319fc5
2026-06-19 17:05:05,354 [canton-env-ec-77] INFO  c.d.c.p.a.s.a.ApiPackageManagementService:participant=sandbox tid:7935d4d3a05325980eea8bce29319fc5 - Uploading DAR file, submissionId -> '5eed4cec-0e11-4b89-a82c-b042a373dc26'.
2026-06-19 17:05:05,360 [canton-env-ec-81] DEBUG c.d.c.p.a.PackageUploader:participant=sandbox tid:7935d4d3a05325980eea8bce29319fc5 - Processing package upload of 31 packages
2026-06-19 17:05:05,482 [canton-env-ec-81] WARN  c.d.c.p.p.PackageUpgradeValidator:participant=sandbox tid:7935d4d3a05325980eea8bce29319fc5 - Upload of LF1.17 package cbb895ab62b2ce4dbf536c0290c52030888094a6d8fc3f3f02d62be20ca66f22 contains LF1.17 daml-script-lts (315936fff160fb10e7f9925fe928e87eeb59dd4809992e6e37a702ffcc7f19cd) as a dependency. Avoid uploading daml-script to the ledger when using Smart Contract Upgrades
2026-06-19 17:05:05,485 [canton-env-ec-81] WARN  c.d.c.p.p.PackageUpgradeValidator:participant=sandbox tid:7935d4d3a05325980eea8bce29319fc5 - Upload of LF1.17 package cbb895ab62b2ce4dbf536c0290c52030888094a6d8fc3f3f02d62be20ca66f22 contains LF1.17 daml-script-lts-stable (cd2f5e77e86a47648f94400430a4ae046166ce1ab045cbb85371a2c9c2688b15) as a dependency. Avoid uploading daml-script to the ledger when using Smart Contract Upgrades
2026-06-19 17:12:18,247 [canton-env-ec-81] DEBUG c.d.c.n.g.ApiRequestLogger:participant=sandbox tid:4fe036654221275eeebf68c91387e4b1 - Request c.d.l.a.v.a.PackageManagementService/UploadDarFile by /127.0.0.1:58063: received a message 
  Request tid:4fe036654221275eeebf68c91387e4b1
2026-06-19 17:12:18,248 [canton-env-ec-81] INFO  c.d.c.p.a.s.a.ApiPackageManagementService:participant=sandbox tid:4fe036654221275eeebf68c91387e4b1 - Uploading DAR file, submissionId -> '5ee29861-d387-4bb8-8a43-520cc29bd050'.
2026-06-19 17:12:18,256 [canton-env-ec-81] DEBUG c.d.c.p.a.PackageUploader:participant=sandbox tid:4fe036654221275eeebf68c91387e4b1 - Processing package upload of 31 packages
2026-06-19 17:12:18,423 [canton-env-ec-81] WARN  c.d.c.p.p.PackageUpgradeValidator:participant=sandbox tid:4fe036654221275eeebf68c91387e4b1 - Upload of LF1.17 package cbb895ab62b2ce4dbf536c0290c52030888094a6d8fc3f3f02d62be20ca66f22 contains LF1.17 daml-script-lts (315936fff160fb10e7f9925fe928e87eeb59dd4809992e6e37a702ffcc7f19cd) as a dependency. Avoid uploading daml-script to the ledger when using Smart Contract Upgrades
2026-06-19 17:12:18,424 [canton-env-ec-81] WARN  c.d.c.p.p.PackageUpgradeValidator:participant=sandbox tid:4fe036654221275eeebf68c91387e4b1 - Upload of LF1.17 package cbb895ab62b2ce4dbf536c0290c52030888094a6d8fc3f3f02d62be20ca66f22 contains LF1.17 daml-script-lts-stable (cd2f5e77e86a47648f94400430a4ae046166ce1ab045cbb85371a2c9c2688b15) as a dependency. Avoid uploading daml-script to the ledger when using Smart Contract Upgrades
2026-06-19 17:17:41,302 [main] INFO  c.d.c.e.CommunityEnvironment tid:af7bc42943fb49e59128e250684210e2 - Automatically starting all instances
2026-06-19 17:17:41,771 [main] ERROR c.d.c.e.CommunityEnvironment tid:af7bc42943fb49e59128e250684210e2 - Failed to start local: Failed to bind to address /127.0.0.1:6868
2026-06-19 17:20:32,859 [canton-env-ec-34] DEBUG c.d.c.n.g.ApiRequestLogger:participant=sandbox tid:45eae5fb020f57755012347c3f1dd7c8 - Request c.d.l.a.v.a.PackageManagementService/UploadDarFile by /127.0.0.1:60235: received a message 
  Request tid:45eae5fb020f57755012347c3f1dd7c8
2026-06-19 17:20:32,860 [canton-env-ec-93] INFO  c.d.c.p.a.s.a.ApiPackageManagementService:participant=sandbox tid:45eae5fb020f57755012347c3f1dd7c8 - Uploading DAR file, submissionId -> '6a9ca897-952a-4c2d-951d-8d1dbc5c353e'.
2026-06-19 17:20:32,867 [canton-env-ec-34] DEBUG c.d.c.p.a.PackageUploader:participant=sandbox tid:45eae5fb020f57755012347c3f1dd7c8 - Processing package upload of 31 packages
2026-06-19 17:20:32,973 [canton-env-ec-34] WARN  c.d.c.p.p.PackageUpgradeValidator:participant=sandbox tid:45eae5fb020f57755012347c3f1dd7c8 - Upload of LF1.17 package de82b8bd895a2e5f38cf35f4f07b0b539afded1a2bdddd73b05bdf498ae0d25e contains LF1.17 daml-script-lts (315936fff160fb10e7f9925fe928e87eeb59dd4809992e6e37a702ffcc7f19cd) as a dependency. Avoid uploading daml-script to the ledger when using Smart Contract Upgrades
2026-06-19 17:20:32,975 [canton-env-ec-34] WARN  c.d.c.p.p.PackageUpgradeValidator:participant=sandbox tid:45eae5fb020f57755012347c3f1dd7c8 - Upload of LF1.17 package de82b8bd895a2e5f38cf35f4f07b0b539afded1a2bdddd73b05bdf498ae0d25e contains LF1.17 daml-script-lts-stable (cd2f5e77e86a47648f94400430a4ae046166ce1ab045cbb85371a2c9c2688b15) as a dependency. Avoid uploading daml-script to the ledger when using Smart Contract Upgrades
2026-06-19 17:33:18,736 [canton-env-ec-99] DEBUG c.d.c.n.g.ApiRequestLogger:participant=sandbox tid:3de38a1fda5466233e337c3f55476f5b - Request c.d.l.a.v.a.PackageManagementService/UploadDarFile by /127.0.0.1:61339: received a message 
  Request tid:3de38a1fda5466233e337c3f55476f5b
2026-06-19 17:33:18,736 [canton-env-ec-99] INFO  c.d.c.p.a.s.a.ApiPackageManagementService:participant=sandbox tid:3de38a1fda5466233e337c3f55476f5b - Uploading DAR file, submissionId -> '9f16e27e-6f0e-4513-a31d-80fe54045039'.
2026-06-19 17:33:18,742 [canton-env-ec-99] DEBUG c.d.c.p.a.PackageUploader:participant=sandbox tid:3de38a1fda5466233e337c3f55476f5b - Processing package upload of 31 packages
2026-06-19 17:33:18,822 [canton-env-ec-99] WARN  c.d.c.p.p.PackageUpgradeValidator:participant=sandbox tid:3de38a1fda5466233e337c3f55476f5b - Upload of LF1.17 package 6c2a08d4da05dc9f92c0006dc746c56a0afd2063c234f831945f2cf5e2fe2842 contains LF1.17 daml-script-lts (315936fff160fb10e7f9925fe928e87eeb59dd4809992e6e37a702ffcc7f19cd) as a dependency. Avoid uploading daml-script to the ledger when using Smart Contract Upgrades
2026-06-19 17:33:18,823 [canton-env-ec-99] WARN  c.d.c.p.p.PackageUpgradeValidator:participant=sandbox tid:3de38a1fda5466233e337c3f55476f5b - Upload of LF1.17 package 6c2a08d4da05dc9f92c0006dc746c56a0afd2063c234f831945f2cf5e2fe2842 contains LF1.17 daml-script-lts-stable (cd2f5e77e86a47648f94400430a4ae046166ce1ab045cbb85371a2c9c2688b15) as a dependency. Avoid uploading daml-script to the ledger when using Smart Contract Upgrades
2026-06-19 17:34:05,109 [canton-env-ec-34] DEBUG c.d.c.n.g.ApiRequestLogger:participant=sandbox tid:3362b5b54aefdcc7468c9b366e8c23e0 - Request c.d.l.a.v.a.PackageManagementService/UploadDarFile by /127.0.0.1:61432: received a message 
  Request tid:3362b5b54aefdcc7468c9b366e8c23e0
2026-06-19 17:34:05,110 [canton-env-ec-98] INFO  c.d.c.p.a.s.a.ApiPackageManagementService:participant=sandbox tid:3362b5b54aefdcc7468c9b366e8c23e0 - Uploading DAR file, submissionId -> '63cf4f77-91f5-4a74-8383-0075e787e988'.
2026-06-19 17:34:05,117 [canton-env-ec-34] DEBUG c.d.c.p.a.PackageUploader:participant=sandbox tid:3362b5b54aefdcc7468c9b366e8c23e0 - Processing package upload of 31 packages
2026-06-19 17:34:05,234 [canton-env-ec-34] WARN  c.d.c.p.p.PackageUpgradeValidator:participant=sandbox tid:3362b5b54aefdcc7468c9b366e8c23e0 - Upload of LF1.17 package 6c2a08d4da05dc9f92c0006dc746c56a0afd2063c234f831945f2cf5e2fe2842 contains LF1.17 daml-script-lts (315936fff160fb10e7f9925fe928e87eeb59dd4809992e6e37a702ffcc7f19cd) as a dependency. Avoid uploading daml-script to the ledger when using Smart Contract Upgrades
2026-06-19 17:34:05,236 [canton-env-ec-34] WARN  c.d.c.p.p.PackageUpgradeValidator:participant=sandbox tid:3362b5b54aefdcc7468c9b366e8c23e0 - Upload of LF1.17 package 6c2a08d4da05dc9f92c0006dc746c56a0afd2063c234f831945f2cf5e2fe2842 contains LF1.17 daml-script-lts-stable (cd2f5e77e86a47648f94400430a4ae046166ce1ab045cbb85371a2c9c2688b15) as a dependency. Avoid uploading daml-script to the ledger when using Smart Contract Upgrades
2026-06-19 17:35:28,193 [canton-env-ec-81] DEBUG c.d.c.n.g.ApiRequestLogger:participant=sandbox tid:2109ceda71ed3deb80da6515626b72f2 - Request c.d.l.a.v.a.PackageManagementService/UploadDarFile by /127.0.0.1:61647: received a message 
  Request tid:2109ceda71ed3deb80da6515626b72f2
2026-06-19 17:35:28,194 [canton-env-ec-23] INFO  c.d.c.p.a.s.a.ApiPackageManagementService:participant=sandbox tid:2109ceda71ed3deb80da6515626b72f2 - Uploading DAR file, submissionId -> 'ccaa753b-b3e7-4590-bfd9-33812b476c86'.
2026-06-19 17:35:28,201 [canton-env-ec-81] DEBUG c.d.c.p.a.PackageUploader:participant=sandbox tid:2109ceda71ed3deb80da6515626b72f2 - Processing package upload of 31 packages
2026-06-19 17:35:28,286 [canton-env-ec-81] WARN  c.d.c.p.p.PackageUpgradeValidator:participant=sandbox tid:2109ceda71ed3deb80da6515626b72f2 - Upload of LF1.17 package f56f7f392e5c34a1228f18ce09ae1c605ebe59dccf430b529e78b50f3a6d8dc1 contains LF1.17 daml-script-lts (315936fff160fb10e7f9925fe928e87eeb59dd4809992e6e37a702ffcc7f19cd) as a dependency. Avoid uploading daml-script to the ledger when using Smart Contract Upgrades
2026-06-19 17:35:28,287 [canton-env-ec-81] WARN  c.d.c.p.p.PackageUpgradeValidator:participant=sandbox tid:2109ceda71ed3deb80da6515626b72f2 - Upload of LF1.17 package f56f7f392e5c34a1228f18ce09ae1c605ebe59dccf430b529e78b50f3a6d8dc1 contains LF1.17 daml-script-lts-stable (cd2f5e77e86a47648f94400430a4ae046166ce1ab045cbb85371a2c9c2688b15) as a dependency. Avoid uploading daml-script to the ledger when using Smart Contract Upgrades
2026-06-19 17:42:12,281 [canton-env-ec-86] DEBUG c.d.c.n.g.ApiRequestLogger:participant=sandbox tid:2d90432fea09354df804e223a60f89cd - Request c.d.l.a.v.a.PackageManagementService/UploadDarFile by /127.0.0.1:62460: received a message 
  Request tid:2d90432fea09354df804e223a60f89cd
2026-06-19 17:42:12,282 [canton-env-ec-21] INFO  c.d.c.p.a.s.a.ApiPackageManagementService:participant=sandbox tid:2d90432fea09354df804e223a60f89cd - Uploading DAR file, submissionId -> 'e0cd5097-683e-4fed-8938-7daede1ed992'.
2026-06-19 17:42:12,289 [canton-env-ec-86] DEBUG c.d.c.p.a.PackageUploader:participant=sandbox tid:2d90432fea09354df804e223a60f89cd - Processing package upload of 31 packages
2026-06-19 17:42:12,384 [canton-env-ec-86] WARN  c.d.c.p.p.PackageUpgradeValidator:participant=sandbox tid:2d90432fea09354df804e223a60f89cd - Upload of LF1.17 package 1a99094e60ea1e64abe5386bfa2f86652a18145b76da8874c0adf61b9d26e3d2 contains LF1.17 daml-script-lts (315936fff160fb10e7f9925fe928e87eeb59dd4809992e6e37a702ffcc7f19cd) as a dependency. Avoid uploading daml-script to the ledger when using Smart Contract Upgrades
2026-06-19 17:42:12,385 [canton-env-ec-86] WARN  c.d.c.p.p.PackageUpgradeValidator:participant=sandbox tid:2d90432fea09354df804e223a60f89cd - Upload of LF1.17 package 1a99094e60ea1e64abe5386bfa2f86652a18145b76da8874c0adf61b9d26e3d2 contains LF1.17 daml-script-lts-stable (cd2f5e77e86a47648f94400430a4ae046166ce1ab045cbb85371a2c9c2688b15) as a dependency. Avoid uploading daml-script to the ledger when using Smart Contract Upgrades
